[14-02-14 17:52:42.220] [INFO ] (JettyBootstrap            145) Starting Server... 
[14-02-14 17:52:42.223] [DEBUG] (JettyBootstrap            455) Init Configuration... 
[14-02-14 17:52:42.262] [DEBUG] (JettyBootstrap            592) Deploying ExplodedWarFromClasspath [/myapp.war] on contextPath [/]... 
[14-02-14 17:52:42.708] [DEBUG] (JettyBootstrap            561) Shutting Down... 
[14-02-14 17:52:42.708] [INFO ] (JettyBootstrap            208) Stopping Server... 
[14-02-14 17:52:42.717] [WARN ] (JettyBootstrap            215) Can't stop server. Already stopped 
[14-02-14 17:52:42.717] [INFO ] (JettyBootstrap            221) Server stopped. 
[14-02-14 17:52:57.858] [INFO ] (JettyBootstrap            145) Starting Server... 
[14-02-14 17:52:57.861] [DEBUG] (JettyBootstrap            455) Init Configuration... 
[14-02-14 17:52:57.973] [DEBUG] (JettyBootstrap            592) Deploying ExplodedWarFromClasspath [/myapp.war] on contextPath [/]... 
[14-02-14 17:52:58.770] [DEBUG] (JettyBootstrap            561) Shutting Down... 
[14-02-14 17:52:58.771] [INFO ] (JettyBootstrap            208) Stopping Server... 
[14-02-14 17:52:58.778] [WARN ] (JettyBootstrap            215) Can't stop server. Already stopped 
[14-02-14 17:52:58.779] [INFO ] (JettyBootstrap            221) Server stopped. 
[14-02-14 17:53:00.911] [INFO ] (JettyBootstrap            145) Starting Server... 
[14-02-14 17:53:00.915] [DEBUG] (JettyBootstrap            455) Init Configuration... 
[14-02-14 17:53:00.958] [DEBUG] (JettyBootstrap            592) Deploying ExplodedWarFromClasspath [/myapp.war] on contextPath [/]... 
[14-02-14 17:53:01.458] [INFO ] (JettyBootstrap            166) Server Started http://0.0.0.0:8080 
[14-02-14 17:53:01.459] [DEBUG] (JettyBootstrap            186) Joining Server... 
[14-02-14 17:53:22.521] [DEBUG] (JettyBootstrap            561) Shutting Down... 
[14-02-14 17:53:22.522] [INFO ] (JettyBootstrap            208) Stopping Server... 
[14-02-14 17:53:22.532] [INFO ] (JettyBootstrap            221) Server stopped. 
[14-02-14 17:53:54.918] [INFO ] (JettyBootstrap            145) Starting Server... 
[14-02-14 17:53:54.922] [DEBUG] (JettyBootstrap            455) Init Configuration... 
[14-02-14 17:53:54.962] [DEBUG] (JettyBootstrap            592) Deploying WarFromClasspath [/myapp.war] on contextPath [/]... 
[14-02-14 17:53:54.975] [DEBUG] (JettyBootstrap            561) Shutting Down... 
[14-02-14 17:53:54.975] [INFO ] (JettyBootstrap            208) Stopping Server... 
[14-02-14 17:53:54.975] [WARN ] (JettyBootstrap            215) Can't stop server. Already stopped 
[14-02-14 17:53:54.976] [INFO ] (JettyBootstrap            221) Server stopped. 
[14-02-14 17:55:27.427] [INFO ] (JettyBootstrap            145) Starting Server... 
[14-02-14 17:55:27.430] [DEBUG] (JettyBootstrap            455) Init Configuration... 
[14-02-14 17:55:27.474] [DEBUG] (JettyBootstrap            592) Deploying WarFromClasspath [/myapp.war] on contextPath [/]... 
[14-02-14 17:55:27.488] [DEBUG] (JettyBootstrap            561) Shutting Down... 
[14-02-14 17:55:27.488] [INFO ] (JettyBootstrap            208) Stopping Server... 
[14-02-14 17:55:27.489] [WARN ] (JettyBootstrap            215) Can't stop server. Already stopped 
[14-02-14 17:55:27.489] [INFO ] (JettyBootstrap            221) Server stopped. 
[14-02-14 17:56:44.242] [INFO ] (JettyBootstrap            145) Starting Server... 
[14-02-14 17:56:44.245] [DEBUG] (JettyBootstrap            455) Init Configuration... 
[14-02-14 17:56:44.277] [DEBUG] (JettyBootstrap            592) Deploying WarFromClasspath [/toto/myapp.war] on contextPath [/]... 
[14-02-14 17:56:44.287] [DEBUG] (JettyBootstrap            561) Shutting Down... 
[14-02-14 17:56:44.287] [INFO ] (JettyBootstrap            208) Stopping Server... 
[14-02-14 17:56:44.287] [WARN ] (JettyBootstrap            215) Can't stop server. Already stopped 
[14-02-14 17:56:44.288] [INFO ] (JettyBootstrap            221) Server stopped. 
[14-02-14 17:57:33.058] [INFO ] (JettyBootstrap            145) Starting Server... 
[14-02-14 17:57:33.061] [DEBUG] (JettyBootstrap            455) Init Configuration... 
[14-02-14 17:57:33.095] [DEBUG] (JettyBootstrap            592) Deploying WarFromClasspath [toto/myapp.war] on contextPath [/]... 
[14-02-14 17:57:33.105] [DEBUG] (JettyBootstrap            561) Shutting Down... 
[14-02-14 17:57:33.106] [INFO ] (JettyBootstrap            208) Stopping Server... 
[14-02-14 17:57:33.106] [WARN ] (JettyBootstrap            215) Can't stop server. Already stopped 
[14-02-14 17:57:33.106] [INFO ] (JettyBootstrap            221) Server stopped. 
[14-02-14 17:59:31.907] [INFO ] (JettyBootstrap            145) Starting Server... 
[14-02-14 17:59:31.910] [DEBUG] (JettyBootstrap            455) Init Configuration... 
[14-02-14 17:59:31.942] [DEBUG] (JettyBootstrap            592) Deploying WarFromClasspath [/toto/webapp.war] on contextPath [/]... 
[14-02-14 17:59:31.952] [DEBUG] (JettyBootstrap            561) Shutting Down... 
[14-02-14 17:59:31.953] [INFO ] (JettyBootstrap            208) Stopping Server... 
[14-02-14 17:59:31.953] [WARN ] (JettyBootstrap            215) Can't stop server. Already stopped 
[14-02-14 17:59:31.953] [INFO ] (JettyBootstrap            221) Server stopped. 
[14-02-14 18:02:51.923] [INFO ] (JettyBootstrap            145) Starting Server... 
[14-02-14 18:02:51.926] [DEBUG] (JettyBootstrap            455) Init Configuration... 
[14-02-14 18:02:51.956] [DEBUG] (JettyBootstrap            592) Deploying WarFromClasspath [webapp.war] on contextPath [/]... 
[14-02-14 18:02:51.966] [DEBUG] (JettyBootstrap            561) Shutting Down... 
[14-02-14 18:02:51.966] [INFO ] (JettyBootstrap            208) Stopping Server... 
[14-02-14 18:02:51.966] [WARN ] (JettyBootstrap            215) Can't stop server. Already stopped 
[14-02-14 18:02:51.966] [INFO ] (JettyBootstrap            221) Server stopped. 
[14-02-14 18:03:35.243] [INFO ] (JettyBootstrap            145) Starting Server... 
[14-02-14 18:03:35.246] [DEBUG] (JettyBootstrap            455) Init Configuration... 
[14-02-14 18:03:35.280] [DEBUG] (JettyBootstrap            592) Deploying WarFromClasspath [/webapp.war] on contextPath [/]... 
[14-02-14 18:03:35.292] [DEBUG] (JettyBootstrap            561) Shutting Down... 
[14-02-14 18:03:35.292] [INFO ] (JettyBootstrap            208) Stopping Server... 
[14-02-14 18:03:35.292] [WARN ] (JettyBootstrap            215) Can't stop server. Already stopped 
[14-02-14 18:03:35.293] [INFO ] (JettyBootstrap            221) Server stopped. 
